<?xml version="1.0" encoding="UTF-8"?>
<!-- Generated by org.testng.reporters.JUnitXMLReporter -->
<testsuite ignored="8" hostname="Raza" failures="0" tests="1" name="Default test" time="0.272" errors="0" timestamp="2022-06-02T21:40:26 PKT">
  <testcase classname="com.test.api.TestCategories" name="@BeforeTest init" time="0.225">
    <failure type="java.lang.ExceptionInInitializerError">
      <![CDATA[java.lang.ExceptionInInitializerError
at com.test.api.TestCategories.init(TestCategories.java:22)
at java.base/jdk.internal.reflect.NativeMethodAccessorImpl.invoke0(Native Method)
at java.base/jdk.internal.reflect.NativeMethodAccessorImpl.invoke(NativeMethodAccessorImpl.java:77)
at java.base/jdk.internal.reflect.DelegatingMethodAccessorImpl.invoke(DelegatingMethodAccessorImpl.java:43)
at java.base/java.lang.reflect.Method.invoke(Method.java:568)
at org.testng.internal.MethodInvocationHelper.invokeMethod(MethodInvocationHelper.java:133)
at org.testng.internal.MethodInvocationHelper.invokeMethodConsideringTimeout(MethodInvocationHelper.java:62)
at org.testng.internal.ConfigInvoker.invokeConfigurationMethod(ConfigInvoker.java:340)
at org.testng.internal.ConfigInvoker.invokeConfigurations(ConfigInvoker.java:294)
at org.testng.TestRunner.invokeTestConfigurations(TestRunner.java:623)
at org.testng.TestRunner.beforeRun(TestRunner.java:613)
at org.testng.TestRunner.run(TestRunner.java:584)
at org.testng.SuiteRunner.runTest(SuiteRunner.java:402)
at org.testng.SuiteRunner.runSequentially(SuiteRunner.java:396)
at org.testng.SuiteRunner.privateRun(SuiteRunner.java:355)
at org.testng.SuiteRunner.run(SuiteRunner.java:304)
at org.testng.SuiteRunnerWorker.runSuite(SuiteRunnerWorker.java:53)
at org.testng.SuiteRunnerWorker.run(SuiteRunnerWorker.java:96)
at org.testng.TestNG.runSuitesSequentially(TestNG.java:1180)
at org.testng.TestNG.runSuitesLocally(TestNG.java:1102)
at org.testng.TestNG.runSuites(TestNG.java:1032)
at org.testng.TestNG.run(TestNG.java:1000)
at org.testng.remote.AbstractRemoteTestNG.run(AbstractRemoteTestNG.java:115)
at org.testng.remote.RemoteTestNG.initAndRun(RemoteTestNG.java:251)
at org.testng.remote.RemoteTestNG.main(RemoteTestNG.java:77)
Caused by: groovy.lang.MissingMethodException: No signature of method: static org.apache.http.conn.ssl.X509HostnameVerifier.getSimpleName() is applicable for argument types: () values: []
at groovy.lang.MetaClassImpl.invokeStaticMissingMethod(MetaClassImpl.java:1500)
at groovy.lang.MetaClassImpl.invokeStaticMethod(MetaClassImpl.java:1486)
at org.codehaus.groovy.runtime.callsite.StaticMetaClassSite.call(StaticMetaClassSite.java:53)
at org.codehaus.groovy.runtime.callsite.CallSiteArray.defaultCall(CallSiteArray.java:48)
at org.codehaus.groovy.runtime.callsite.AbstractCallSite.call(AbstractCallSite.java:113)
at org.codehaus.groovy.runtime.callsite.AbstractCallSite.call(AbstractCallSite.java:117)
at io.restassured.internal.assertion.AssertParameter.notNull(AssertParameter.groovy:21)
at io.restassured.config.SSLConfig.<init>(SSLConfig.java:192)
at io.restassured.config.SSLConfig.<init>(SSLConfig.java:184)
at io.restassured.config.RestAssuredConfig.<init>(RestAssuredConfig.java:41)
at io.restassured.RestAssured.<clinit>(RestAssured.java:420)
... 25 more
]]>
    </failure>
  </testcase> <!-- @BeforeTest init -->
  <testcase classname="com.test.api.TestCategories" name="getAllCategories" time="0.0">
    <skipped/>
  </testcase> <!-- getAllCategories -->
  <testcase classname="com.test.api.TestCategories" name="invalidCategoryID" time="0.0">
    <ignored/>
  </testcase> <!-- invalidCategoryID -->
  <testcase classname="com.test.api.TestCategories" name="getByDeletedCategoryID" time="0.0">
    <ignored/>
  </testcase> <!-- getByDeletedCategoryID -->
  <testcase classname="com.test.api.TestCategories" name="addCategory" time="0.0">
    <ignored/>
  </testcase> <!-- addCategory -->
  <testcase classname="com.test.api.TestCategories" name="getByCategoryID" time="0.0">
    <ignored/>
  </testcase> <!-- getByCategoryID -->
  <testcase classname="com.test.api.TestCategories" name="deleteCategorybyID" time="0.0">
    <ignored/>
  </testcase> <!-- deleteCategorybyID -->
  <testcase classname="com.test.api.TestCategories" name="missingCategoryNamePost" time="0.0">
    <ignored/>
  </testcase> <!-- missingCategoryNamePost -->
  <testcase classname="com.test.api.TestCategories" name="invalidCategoryIDDelete" time="0.0">
    <ignored/>
  </testcase> <!-- invalidCategoryIDDelete -->
  <testcase classname="com.test.api.TestCategories" name="updateCategoryID" time="0.0">
    <ignored/>
  </testcase> <!-- updateCategoryID -->
</testsuite> <!-- Default test -->
